2014-06-20 12:40:09,273 WARN org.apache.hadoop.conf.Configuration: session.id is deprecated. Instead, use dfs.metrics.session-id
2014-06-20 12:40:09,276 INFO org.apache.hadoop.metrics.jvm.JvmMetrics: Initializing JVM Metrics with processName=JobTracker, sessionId=
2014-06-20 12:40:09,437 WARN org.apache.hadoop.mapred.JobClient: Use GenericOptionsParser for parsing the arguments. Applications should implement Tool for the same.
2014-06-20 12:40:09,456 WARN org.apache.hadoop.mapred.JobClient: No job jar file set.  User classes may not be found. See JobConf(Class) or JobConf#setJar(String).
2014-06-20 12:40:09,470 INFO org.apache.hadoop.mapreduce.lib.input.FileInputFormat: Total input paths to process : 1
2014-06-20 12:40:09,514 WARN org.apache.hadoop.io.compress.snappy.LoadSnappy: Snappy native library is available
2014-06-20 12:40:09,514 INFO org.apache.hadoop.io.compress.snappy.LoadSnappy: Snappy native library loaded
2014-06-20 12:40:09,756 INFO org.apache.hadoop.mapred.JobClient: Running job: job_local_0001
2014-06-20 12:40:09,757 INFO org.apache.hadoop.mapred.LocalJobRunner: OutputCommitter set in config null
2014-06-20 12:40:09,760 INFO org.apache.hadoop.mapred.LocalJobRunner: OutputCommitter is org.apache.hadoop.mapreduce.lib.output.FileOutputCommitter
2014-06-20 12:40:09,774 WARN mapreduce.Counters: Group org.apache.hadoop.mapred.Task$Counter is deprecated. Use org.apache.hadoop.mapreduce.TaskCounter instead
2014-06-20 12:40:09,799 INFO org.apache.hadoop.util.ProcessTree: setsid exited with exit code 0
2014-06-20 12:40:09,823 INFO org.apache.hadoop.mapred.Task:  Using ResourceCalculatorPlugin : org.apache.hadoop.util.LinuxResourceCalculatorPlugin@1328c7a
2014-06-20 12:40:09,835 INFO org.apache.hadoop.mapred.MapTask: io.sort.mb = 100
2014-06-20 12:40:10,094 INFO org.apache.hadoop.mapred.MapTask: data buffer = 79691776/99614720
2014-06-20 12:40:10,094 INFO org.apache.hadoop.mapred.MapTask: record buffer = 262144/327680
2014-06-20 12:40:10,126 INFO org.apache.hadoop.mapred.LocalJobRunner: 
2014-06-20 12:40:10,186 INFO org.apache.hadoop.mapred.MapTask: Starting flush of map output
2014-06-20 12:40:10,321 INFO org.apache.hadoop.mapred.MapTask: Finished spill 0
2014-06-20 12:40:10,322 INFO org.apache.hadoop.mapred.Task: Task:attempt_local_0001_m_000000_0 is done. And is in the process of commiting
2014-06-20 12:40:10,359 INFO org.apache.hadoop.mapred.LocalJobRunner: 
2014-06-20 12:40:10,360 INFO org.apache.hadoop.mapred.Task: Task 'attempt_local_0001_m_000000_0' done.
2014-06-20 12:40:10,365 WARN mapreduce.Counters: Group org.apache.hadoop.mapred.Task$Counter is deprecated. Use org.apache.hadoop.mapreduce.TaskCounter instead
2014-06-20 12:40:10,425 INFO org.apache.hadoop.mapred.Task:  Using ResourceCalculatorPlugin : org.apache.hadoop.util.LinuxResourceCalculatorPlugin@10e35d5
2014-06-20 12:40:10,431 INFO org.apache.hadoop.mapred.LocalJobRunner: 
2014-06-20 12:40:10,488 INFO org.apache.hadoop.mapred.Merger: Merging 1 sorted segments
2014-06-20 12:40:10,550 INFO org.apache.hadoop.mapred.Merger: Down to the last merge-pass, with 1 segments left of total size: 116 bytes
2014-06-20 12:40:10,551 INFO org.apache.hadoop.mapred.LocalJobRunner: 
2014-06-20 12:40:10,570 INFO org.apache.hadoop.mapred.Task: Task:attempt_local_0001_r_000000_0 is done. And is in the process of commiting
2014-06-20 12:40:10,570 INFO org.apache.hadoop.mapred.LocalJobRunner: 
2014-06-20 12:40:10,573 INFO org.apache.hadoop.mapred.Task: Task attempt_local_0001_r_000000_0 is allowed to commit now
2014-06-20 12:40:10,588 INFO org.apache.hadoop.mapreduce.lib.output.FileOutputCommitter: Saved output of task 'attempt_local_0001_r_000000_0' to Output
2014-06-20 12:40:10,588 INFO org.apache.hadoop.mapred.LocalJobRunner: reduce > reduce
2014-06-20 12:40:10,591 INFO org.apache.hadoop.mapred.Task: Task 'attempt_local_0001_r_000000_0' done.
2014-06-20 12:40:10,758 INFO org.apache.hadoop.mapred.JobClient:  map 100% reduce 100%
2014-06-20 12:40:10,761 INFO org.apache.hadoop.mapred.JobClient: Job complete: job_local_0001
2014-06-20 12:40:10,761 INFO org.apache.hadoop.mapred.JobClient: Counters: 20
2014-06-20 12:40:10,761 INFO org.apache.hadoop.mapred.JobClient:   File System Counters
2014-06-20 12:40:10,762 INFO org.apache.hadoop.mapred.JobClient:     FILE: Number of bytes read=1098
2014-06-20 12:40:10,762 INFO org.apache.hadoop.mapred.JobClient:     FILE: Number of bytes written=167502
2014-06-20 12:40:10,763 INFO org.apache.hadoop.mapred.JobClient:     FILE: Number of read operations=0
2014-06-20 12:40:10,763 INFO org.apache.hadoop.mapred.JobClient:     FILE: Number of large read operations=0
2014-06-20 12:40:10,763 INFO org.apache.hadoop.mapred.JobClient:     FILE: Number of write operations=0
2014-06-20 12:40:10,763 INFO org.apache.hadoop.mapred.JobClient:   Map-Reduce Framework
2014-06-20 12:40:10,764 INFO org.apache.hadoop.mapred.JobClient:     Map input records=13
2014-06-20 12:40:10,764 INFO org.apache.hadoop.mapred.JobClient:     Map output records=2
2014-06-20 12:40:10,765 INFO org.apache.hadoop.mapred.JobClient:     Map output bytes=110
2014-06-20 12:40:10,765 INFO org.apache.hadoop.mapred.JobClient:     Input split bytes=120
2014-06-20 12:40:10,765 INFO org.apache.hadoop.mapred.JobClient:     Combine input records=0
2014-06-20 12:40:10,766 INFO org.apache.hadoop.mapred.JobClient:     Combine output records=0
2014-06-20 12:40:10,766 INFO org.apache.hadoop.mapred.JobClient:     Reduce input groups=1
2014-06-20 12:40:10,766 INFO org.apache.hadoop.mapred.JobClient:     Reduce shuffle bytes=0
2014-06-20 12:40:10,766 INFO org.apache.hadoop.mapred.JobClient:     Reduce input records=2
2014-06-20 12:40:10,767 INFO org.apache.hadoop.mapred.JobClient:     Reduce output records=2
2014-06-20 12:40:10,768 INFO org.apache.hadoop.mapred.JobClient:     Spilled Records=4
2014-06-20 12:40:10,768 INFO org.apache.hadoop.mapred.JobClient:     CPU time spent (ms)=0
2014-06-20 12:40:10,768 INFO org.apache.hadoop.mapred.JobClient:     Physical memory (bytes) snapshot=0
2014-06-20 12:40:10,769 INFO org.apache.hadoop.mapred.JobClient:     Virtual memory (bytes) snapshot=0
2014-06-20 12:40:10,769 INFO org.apache.hadoop.mapred.JobClient:     Total committed heap usage (bytes)=321003520
